<?xml version="1.0" encoding="UTF-8"?>
<!-- Generated by org.testng.reporters.JUnitReportReporter -->
<testsuite hostname="AdarshSingh-FVFG3WYGQ05D" failures="0" tests="25" name="com.browserstack.SecondTest" time="3572.215" errors="1" timestamp="2024-10-28T18:20:42 IST" skipped="0">
  <testcase classname="com.browserstack.SecondTest" name="test" time="146.532"/>
  <system-out/>
  <testcase classname="com.browserstack.SecondTest" name="test" time="141.697"/>
  <system-out/>
  <testcase classname="com.browserstack.SecondTest" name="test" time="144.548"/>
  <system-out/>
  <testcase classname="com.browserstack.SecondTest" name="test" time="146.874"/>
  <system-out/>
  <testcase classname="com.browserstack.SecondTest" name="test" time="104.891"/>
  <system-out/>
  <testcase classname="com.browserstack.SecondTest" name="test" time="155.545"/>
  <system-out/>
  <testcase classname="com.browserstack.SecondTest" name="test" time="116.348"/>
  <system-out/>
  <testcase classname="com.browserstack.SecondTest" name="test" time="144.953"/>
  <system-out/>
  <testcase classname="com.browserstack.SecondTest" name="test" time="435.947"/>
  <system-out/>
  <testcase classname="com.browserstack.SecondTest" name="test" time="145.791"/>
  <system-out/>
  <testcase classname="com.browserstack.SecondTest" name="test" time="147.643"/>
  <system-out/>
  <testcase classname="com.browserstack.SecondTest" name="test" time="107.080"/>
  <system-out/>
  <testcase classname="com.browserstack.SecondTest" name="test" time="102.715"/>
  <system-out/>
  <testcase classname="com.browserstack.SecondTest" name="test" time="113.779"/>
  <system-out/>
  <testcase classname="com.browserstack.SecondTest" name="test" time="101.901"/>
  <system-out/>
  <testcase classname="com.browserstack.SecondTest" name="test" time="131.525"/>
  <system-out/>
  <testcase classname="com.browserstack.SecondTest" name="test" time="107.089"/>
  <system-out/>
  <testcase classname="com.browserstack.SecondTest" name="test" time="155.556"/>
  <system-out/>
  <testcase classname="com.browserstack.SecondTest" name="test" time="110.698"/>
  <system-out/>
  <testcase classname="com.browserstack.SecondTest" name="test" time="141.294"/>
  <system-out/>
  <testcase classname="com.browserstack.SecondTest" name="test" time="116.022">
    <error message="Expected condition failed: waiting for element to be clickable: AppiumBy.accessibilityId: tabBar_more_select (tried for 30 second(s) with 500 milliseconds interval)
Build info: version: &#039;4.13.0&#039;, revision: &#039;ba948ece5b*&#039;
System info: os.name: &#039;Mac OS X&#039;, os.arch: &#039;aarch64&#039;, os.version: &#039;14.2.1&#039;, java.version: &#039;22.0.2&#039;
Driver info: io.appium.java_client.ios.IOSDriver
Capabilities {appium:autoDismissAlerts: true, appium:automationName: xcuitest, appium:bootstrapPath: /usr/local/.browserstack/co..., appium:browserstack.isTargetBased: true, appium:bundleID: com.gymshark.store.staging, appium:bundleId: com.gymshark.store.staging, appium:databaseEnabled: false, appium:deviceName: iPhone 15, appium:deviceOrientation: PORTRAIT, appium:javascriptEnabled: true, appium:keychainPassword: [REDACTED VALUE], appium:keychainPath: [REDACTED VALUE], appium:locationContextEnabled: false, appium:networkConnectionEnabled: false, appium:newCommandTimeout: 0, appium:noReset: true, appium:optimalHubUrl: hub-aps.browserstack.com, appium:orientation: PORTRAIT, appium:realMobile: true, appium:safariIgnoreFraudWarning: true, appium:safariInitialUrl: http://mobile-internet-chec..., appium:takesScreenshot: true, appium:udid: 00008120-000014E41EE2201E, appium:useXctestrunFile: true, appium:waitForQuiescence: false, appium:wdaStartupRetries: 3, appium:webStorageEnabled: false, appium:webkitResponseTimeout: 20000, browserVersion: null, bstack:options: {buildIdentifier: #28, hostName: AdarshSingh-FVFG3WYGQ05D, localIdentifier: 28_Oct_1813_AdarshSingh_FVF...}, platformName: IOS}
Session ID: 158d180c12e773a1d4011a28cfb68537a30e0aa1" type="org.openqa.selenium.TimeoutException">
      <![CDATA[org.openqa.selenium.TimeoutException: Expected condition failed: waiting for element to be clickable: AppiumBy.accessibilityId: tabBar_more_select (tried for 30 second(s) with 500 milliseconds interval)
Build info: version: '4.13.0', revision: 'ba948ece5b*'
System info: os.name: 'Mac OS X', os.arch: 'aarch64', os.version: '14.2.1', java.version: '22.0.2'
Driver info: io.appium.java_client.ios.IOSDriver
Capabilities {appium:autoDismissAlerts: true, appium:automationName: xcuitest, appium:bootstrapPath: /usr/local/.browserstack/co..., appium:browserstack.isTargetBased: true, appium:bundleID: com.gymshark.store.staging, appium:bundleId: com.gymshark.store.staging, appium:databaseEnabled: false, appium:deviceName: iPhone 15, appium:deviceOrientation: PORTRAIT, appium:javascriptEnabled: true, appium:keychainPassword: [REDACTED VALUE], appium:keychainPath: [REDACTED VALUE], appium:locationContextEnabled: false, appium:networkConnectionEnabled: false, appium:newCommandTimeout: 0, appium:noReset: true, appium:optimalHubUrl: hub-aps.browserstack.com, appium:orientation: PORTRAIT, appium:realMobile: true, appium:safariIgnoreFraudWarning: true, appium:safariInitialUrl: http://mobile-internet-chec..., appium:takesScreenshot: true, appium:udid: 00008120-000014E41EE2201E, appium:useXctestrunFile: true, appium:waitForQuiescence: false, appium:wdaStartupRetries: 3, appium:webStorageEnabled: false, appium:webkitResponseTimeout: 20000, browserVersion: null, bstack:options: {buildIdentifier: #28, hostName: AdarshSingh-FVFG3WYGQ05D, localIdentifier: 28_Oct_1813_AdarshSingh_FVF...}, platformName: IOS}
Session ID: 158d180c12e773a1d4011a28cfb68537a30e0aa1
at org.openqa.selenium.support.ui.WebDriverWait.timeoutException(WebDriverWait.java:84)
at org.openqa.selenium.support.ui.FluentWait.until(FluentWait.java:230)
at com.browserstack.SecondTest.test(SecondTest.java:61)
at java.base/jdk.internal.reflect.DirectMethodHandleAccessor.invoke(DirectMethodHandleAccessor.java:103)
at java.base/java.lang.reflect.Method.invoke(Method.java:580)
at org.testng.internal.invokers.MethodInvocationHelper.invokeMethod(MethodInvocationHelper.java:135)
at org.testng.internal.invokers.TestInvoker.invokeMethod(TestInvoker.java:673)
at org.testng.internal.invokers.TestInvoker.invokeTestMethod(TestInvoker.java:220)
at org.testng.internal.invokers.MethodRunner.runInSequence(MethodRunner.java:50)
at org.testng.internal.invokers.TestInvoker$MethodInvocationAgent.invoke(TestInvoker.java:945)
at org.testng.internal.invokers.TestInvoker.invokeTestMethods(TestInvoker.java:193)
at org.testng.internal.invokers.TestMethodWorker.invokeTestMethods(TestMethodWorker.java:146)
at org.testng.internal.invokers.TestMethodWorker.run(TestMethodWorker.java:128)
at java.base/java.util.concurrent.ThreadPoolExecutor.runWorker(ThreadPoolExecutor.java:1144)
at java.base/java.util.concurrent.ThreadPoolExecutor$Worker.run(ThreadPoolExecutor.java:642)
at java.base/java.lang.Thread.run(Thread.java:1570)
]]>
    </error>
  </testcase> <!-- test -->
  <system-out/>
  <testcase classname="com.browserstack.SecondTest" name="test" time="151.906"/>
  <system-out/>
  <testcase classname="com.browserstack.SecondTest" name="test" time="147.229"/>
  <system-out/>
  <testcase classname="com.browserstack.SecondTest" name="test" time="147.476"/>
  <system-out/>
  <testcase classname="com.browserstack.SecondTest" name="test" time="107.176"/>
  <system-out/>
</testsuite> <!-- com.browserstack.SecondTest -->
